<?xml version="1.0" encoding="UTF-8"?>
<!-- <start id="main-message-flow-header"/> -->
<beans xmlns="http://www.springframework.org/schema/beans"
       xmlns:xsi="http://www.w3.org/2001/XMLSchema-instance"
       xmlns:i="http://www.springframework.org/schema/integration"
       xmlns:util="http://www.springframework.org/schema/util"
       xsi:schemaLocation="http://www.springframework.org/schema/beans
			http://www.springframework.org/schema/beans/spring-beans.xsd
			http://www.springframework.org/schema/integration
			http://www.springframework.org/schema/integration/spring-integration.xsd
			">

    <import resource="main-message-flow.xml" />

    <i:channel id="subCommands">
        <i:queue capacity="10"/>
    </i:channel>

</beans>