<?xml version="1.0" encoding="UTF-8" ?>
<testsuite failures="0" time="0" errors="0" skipped="0" tests="0" name="com.manning.siia.trip.diary.EditableTextTest">
  <properties>
    <property name="java.runtime.name" value="Java(TM) SE Runtime Environment"/>
    <property name="sun.boot.library.path" value="/System/Library/Frameworks/JavaVM.framework/Versions/1.6.0/Libraries"/>
    <property name="java.vm.version" value="14.1-b02-92"/>
    <property name="awt.nativeDoubleBuffering" value="true"/>
    <property name="gopherProxySet" value="false"/>
    <property name="java.vm.vendor" value="Apple Inc."/>
    <property name="java.vendor.url" value="http://www.apple.com/"/>
    <property name="path.separator" value=":"/>
    <property name="java.vm.name" value="Java HotSpot(TM) 64-Bit Server VM"/>
    <property name="file.encoding.pkg" value="sun.io"/>
    <property name="user.country" value="US"/>
    <property name="sun.java.launcher" value="SUN_STANDARD"/>
    <property name="sun.os.patch.level" value="unknown"/>
    <property name="java.vm.specification.name" value="Java Virtual Machine Specification"/>
    <property name="user.dir" value="/Users/iwein/Documents/projects/si-in-action/fisher.si-ia/examples/sia-examples-parent/trip-diary"/>
    <property name="java.runtime.version" value="1.6.0_15-b03-226"/>
    <property name="java.awt.graphicsenv" value="apple.awt.CGraphicsEnvironment"/>
    <property name="basedir" value="/Users/iwein/Documents/projects/si-in-action/fisher.si-ia/examples/sia-examples-parent/trip-diary"/>
    <property name="java.endorsed.dirs" value="/System/Library/Frameworks/JavaVM.framework/Versions/1.6.0/Home/lib/endorsed"/>
    <property name="os.arch" value="x86_64"/>
    <property name="surefire.real.class.path" value="/var/folders/3Z/3ZjzjtwbET0FZjqbo1e6uk+++TU/-Tmp-/surefirebooter630247174610301672.jar"/>
    <property name="java.io.tmpdir" value="/var/folders/3Z/3ZjzjtwbET0FZjqbo1e6uk+++TU/-Tmp-/"/>
    <property name="line.separator" value="
"/>
    <property name="java.vm.specification.vendor" value="Sun Microsystems Inc."/>
    <property name="os.name" value="Mac OS X"/>
    <property name="sun.jnu.encoding" value="MacRoman"/>
    <property name="java.library.path" value=".:/Library/Java/Extensions:/System/Library/Java/Extensions:/usr/lib/java"/>
    <property name="surefire.test.class.path" value="/Users/iwein/Documents/projects/si-in-action/fisher.si-ia/examples/sia-examples-parent/trip-diary/target/test-classes:/Users/iwein/Documents/projects/si-in-action/fisher.si-ia/examples/sia-examples-parent/trip-diary/target/classes:/Users/iwein/.m2/repository/org/junit/com.springsource.org.junit/4.7.0/com.springsource.org.junit-4.7.0.jar:/Users/iwein/.m2/repository/org/springframework/integration/spring-integration-core/2.0.0.BUILD-SNAPSHOT/spring-integration-core-2.0.0.BUILD-SNAPSHOT.jar:/Users/iwein/.m2/repository/org/springframework/spring-aop/3.0.0.RC1/spring-aop-3.0.0.RC1.jar:/Users/iwein/.m2/repository/aopalliance/aopalliance/1.0/aopalliance-1.0.jar:/Users/iwein/.m2/repository/org/springframework/spring-asm/3.0.0.RC1/spring-asm-3.0.0.RC1.jar:/Users/iwein/.m2/repository/org/springframework/spring-beans/3.0.0.RC1/spring-beans-3.0.0.RC1.jar:/Users/iwein/.m2/repository/org/springframework/spring-core/3.0.0.RC1/spring-core-3.0.0.RC1.jar:/Users/iwein/.m2/repository/commons-logging/commons-logging/1.1.1/commons-logging-1.1.1.jar:/Users/iwein/.m2/repository/org/springframework/spring-context/3.0.0.RC1/spring-context-3.0.0.RC1.jar:/Users/iwein/.m2/repository/org/springframework/spring-expression/3.0.0.RC1/spring-expression-3.0.0.RC1.jar:/Users/iwein/.m2/repository/org/springframework/spring-tx/3.0.0.RC1/spring-tx-3.0.0.RC1.jar:/Users/iwein/.m2/repository/org/springframework/integration/spring-integration-file/2.0.0.BUILD-SNAPSHOT/spring-integration-file-2.0.0.BUILD-SNAPSHOT.jar:/Users/iwein/.m2/repository/org/springframework/spring-test/3.0.0.RC1/spring-test-3.0.0.RC1.jar:/Users/iwein/.m2/repository/org/mockito/mockito-all/1.8.0/mockito-all-1.8.0.jar:"/>
    <property name="java.specification.name" value="Java Platform API Specification"/>
    <property name="java.class.version" value="50.0"/>
    <property name="sun.management.compiler" value="HotSpot 64-Bit Server Compiler"/>
    <property name="os.version" value="10.5.8"/>
    <property name="http.nonProxyHosts" value="local|*.local|169.254/16|*.169.254/16"/>
    <property name="user.home" value="/Users/iwein"/>
    <property name="user.timezone" value=""/>
    <property name="java.awt.printerjob" value="apple.awt.CPrinterJob"/>
    <property name="java.specification.version" value="1.6"/>
    <property name="file.encoding" value="MacRoman"/>
    <property name="user.name" value="iwein"/>
    <property name="java.class.path" value="/Users/iwein/Documents/projects/si-in-action/fisher.si-ia/examples/sia-examples-parent/trip-diary/target/test-classes:/Users/iwein/Documents/projects/si-in-action/fisher.si-ia/examples/sia-examples-parent/trip-diary/target/classes:/Users/iwein/.m2/repository/org/junit/com.springsource.org.junit/4.7.0/com.springsource.org.junit-4.7.0.jar:/Users/iwein/.m2/repository/org/springframework/integration/spring-integration-core/2.0.0.BUILD-SNAPSHOT/spring-integration-core-2.0.0.BUILD-SNAPSHOT.jar:/Users/iwein/.m2/repository/org/springframework/spring-aop/3.0.0.RC1/spring-aop-3.0.0.RC1.jar:/Users/iwein/.m2/repository/aopalliance/aopalliance/1.0/aopalliance-1.0.jar:/Users/iwein/.m2/repository/org/springframework/spring-asm/3.0.0.RC1/spring-asm-3.0.0.RC1.jar:/Users/iwein/.m2/repository/org/springframework/spring-beans/3.0.0.RC1/spring-beans-3.0.0.RC1.jar:/Users/iwein/.m2/repository/org/springframework/spring-core/3.0.0.RC1/spring-core-3.0.0.RC1.jar:/Users/iwein/.m2/repository/commons-logging/commons-logging/1.1.1/commons-logging-1.1.1.jar:/Users/iwein/.m2/repository/org/springframework/spring-context/3.0.0.RC1/spring-context-3.0.0.RC1.jar:/Users/iwein/.m2/repository/org/springframework/spring-expression/3.0.0.RC1/spring-expression-3.0.0.RC1.jar:/Users/iwein/.m2/repository/org/springframework/spring-tx/3.0.0.RC1/spring-tx-3.0.0.RC1.jar:/Users/iwein/.m2/repository/org/springframework/integration/spring-integration-file/2.0.0.BUILD-SNAPSHOT/spring-integration-file-2.0.0.BUILD-SNAPSHOT.jar:/Users/iwein/.m2/repository/org/springframework/spring-test/3.0.0.RC1/spring-test-3.0.0.RC1.jar:/Users/iwein/.m2/repository/org/mockito/mockito-all/1.8.0/mockito-all-1.8.0.jar:"/>
    <property name="java.vm.specification.version" value="1.0"/>
    <property name="sun.arch.data.model" value="64"/>
    <property name="java.home" value="/System/Library/Frameworks/JavaVM.framework/Versions/1.6.0/Home"/>
    <property name="java.specification.vendor" value="Sun Microsystems Inc."/>
    <property name="user.language" value="en"/>
    <property name="awt.toolkit" value="apple.awt.CToolkit"/>
    <property name="java.vm.info" value="mixed mode"/>
    <property name="java.version" value="1.6.0_15"/>
    <property name="java.ext.dirs" value="/Library/Java/Extensions:/System/Library/Java/Extensions:/System/Library/Frameworks/JavaVM.framework/Versions/1.6.0/Home/lib/ext"/>
    <property name="sun.boot.class.path" value="/System/Library/Frameworks/JavaVM.framework/Versions/1.6.0/Classes/jsfd.jar:/System/Library/Frameworks/JavaVM.framework/Versions/1.6.0/Classes/classes.jar:/System/Library/Frameworks/JavaVM.framework/Frameworks/JavaRuntimeSupport.framework/Resources/Java/JavaRuntimeSupport.jar:/System/Library/Frameworks/JavaVM.framework/Versions/1.6.0/Classes/ui.jar:/System/Library/Frameworks/JavaVM.framework/Versions/1.6.0/Classes/laf.jar:/System/Library/Frameworks/JavaVM.framework/Versions/1.6.0/Classes/sunrsasign.jar:/System/Library/Frameworks/JavaVM.framework/Versions/1.6.0/Classes/jsse.jar:/System/Library/Frameworks/JavaVM.framework/Versions/1.6.0/Classes/jce.jar:/System/Library/Frameworks/JavaVM.framework/Versions/1.6.0/Classes/charsets.jar"/>
    <property name="java.vendor" value="Apple Inc."/>
    <property name="localRepository" value="/Users/iwein/.m2/repository"/>
    <property name="file.separator" value="/"/>
    <property name="java.vendor.url.bug" value="http://bugreport.apple.com/"/>
    <property name="sun.cpu.endian" value="little"/>
    <property name="sun.io.unicode.encoding" value="UnicodeLittle"/>
    <property name="mrj.version" value="1050.1.6.0_15-226"/>
    <property name="socksNonProxyHosts" value="local|*.local|169.254/16|*.169.254/16"/>
    <property name="ftp.nonProxyHosts" value="local|*.local|169.254/16|*.169.254/16"/>
    <property name="sun.cpu.isalist" value=""/>
  </properties>
</testsuite>