<?xml version="1.0" encoding="UTF-8"?>
<!-- <start id="main-message-flow-header"/> -->
<beans:beans xmlns:beans="http://www.springframework.org/schema/beans"
       xmlns:xsi="http://www.w3.org/2001/XMLSchema-instance"
       xmlns="http://www.springframework.org/schema/integration"
       xmlns:util="http://www.springframework.org/schema/util"
       xsi:schemaLocation="http://www.springframework.org/schema/beans
			http://www.springframework.org/schema/beans/spring-beans.xsd
			http://www.springframework.org/schema/integration
			http://www.springframework.org/schema/integration/spring-integration.xsd">

    <beans:import resource="trip-commands.xml" />

    <channel id="javaLegQuoteCommands">
        <queue capacity="10"/>
    </channel>
    
    <channel id="tripQuotes">
        <queue capacity="10"/>
    </channel>

</beans:beans>